<?xml version="1.0" encoding="UTF-8"?>
<!-- Generated by org.testng.reporters.JUnitReportReporter -->
<testsuite hostname="DESKTOP-HN31416" failures="0" tests="2" name="aa_11.Standalone_Including_Base_Test" time="68.206" errors="0" timestamp="2024-05-20T16:15:15 IST" skipped="0">
  <testcase classname="aa_11.Standalone_Including_Base_Test" name="SubmitOrder" time="34.350"/>
  <system-out/>
  <testcase classname="aa_11.Standalone_Including_Base_Test" name="SubmitOrder" time="33.856"/>
  <system-out/>
</testsuite> <!-- aa_11.Standalone_Including_Base_Test -->
