<?xml version="1.0" encoding="UTF-8"?>
<!-- Generated by org.testng.reporters.JUnitReportReporter -->
<testsuite hostname="DESKTOP-HN31416" failures="0" tests="1" name="aa_11.API" time="28.998" errors="0" timestamp="2024-05-20T17:13:42 IST" skipped="0">
  <testcase classname="aa_11.API" name="exercise" time="28.998"/>
  <system-out/>
</testsuite> <!-- aa_11.API -->
