<?xml version="1.0" encoding="UTF-8"?>
<!-- Generated by org.testng.reporters.JUnitReportReporter -->
<testsuite hostname="DESKTOP-HN31416" failures="0" tests="2" name="aa_11.Error_Handling" time="22.412" errors="0" timestamp="2024-05-20T17:17:17 IST" skipped="0">
  <testcase classname="aa_11.Error_Handling" name="loginErrorValidation" time="11.939"/>
  <system-out/>
  <testcase classname="aa_11.Error_Handling" name="ProductError" time="10.473"/>
  <system-out/>
</testsuite> <!-- aa_11.Error_Handling -->
